<?xml version="1.0" encoding="utf-8"?><testsuites><testsuite name="pytest" errors="0" failures="0" skipped="0" tests="4" time="1.517" timestamp="2023-02-06T15:17:11.846038" hostname="IBM-PF385NYD"><testcase classname="tests.main_test" name="test_case_one" time="0.005" /><testcase classname="tests.main_test" name="test_case_two" time="0.002" /><testcase classname="tests.main_test" name="test_case_three" time="0.002" /><testcase classname="tests.main_test" name="test_case_four" time="0.002" /></testsuite></testsuites>